# JRE version: OpenJDK Runtime Environment Temurin-11.0.21+9 (11.0.21+9) (build 11.0.21+9)
# Java VM: OpenJDK Client VM Temurin-11.0.21+9 (11.0.21+9, mixed mode, serial gc, windows-x86)
Heap:
 def new generation   total 4992K, used 4334K [0x05200000, 0x05760000, 0x0a750000)
  eden space 4480K,  85% used [0x05200000, 0x055bbbc0, 0x05660000)
  from space 512K,  99% used [0x056e0000, 0x0575fff8, 0x05760000)
  to   space 512K,   0% used [0x05660000, 0x05660000, 0x056e0000)
 tenured generation   total 10944K, used 9806K [0x0a750000, 0x0b200000, 0x15200000)
   the space 10944K,  89% used [0x0a750000, 0x0b0e3a60, 0x0b0e3c00, 0x0b200000)
 Metaspace       used 16502K, capacity 16972K, committed 17024K, reserved 17792K
GC Heap History (20 events):
Event: 1.338 GC heap before
{Heap before GC invocations=8 (full 0):
 def new generation   total 4928K, used 4928K [0x05200000, 0x05750000, 0x0a750000)
  eden space 4416K, 100% used [0x05200000, 0x05650000, 0x05650000)
  from space 512K, 100% used [0x05650000, 0x056d0000, 0x056d0000)
  to   space 512K,   0% used [0x056d0000, 0x056d0000, 0x05750000)
 tenured generation   total 10944K, used 4327K [0x0a750000, 0x0b200000, 0x15200000)
   the space 10944K,  39% used [0x0a750000, 0x0ab89c10, 0x0ab89e00, 0x0b200000)
 Metaspace       used 11371K, capacity 11527K, committed 11648K, reserved 11648K
}
Event: 1.341 GC heap after
{Heap after GC invocations=9 (full 0):
 def new generation   total 4928K, used 192K [0x05200000, 0x05750000, 0x0a750000)
  eden space 4416K,   0% used [0x05200000, 0x05200000, 0x05650000)
  from space 512K,  37% used [0x056d0000, 0x05700168, 0x05750000)
  to   space 512K,   0% used [0x05650000, 0x05650000, 0x056d0000)
 tenured generation   total 10944K, used 4836K [0x0a750000, 0x0b200000, 0x15200000)
   the space 10944K,  44% used [0x0a750000, 0x0ac091a8, 0x0ac09200, 0x0b200000)
 Metaspace       used 11371K, capacity 11527K, committed 11648K, reserved 11648K
}
Event: 1.438 GC heap before
{Heap before GC invocations=9 (full 0):
 def new generation   total 4928K, used 4608K [0x05200000, 0x05750000, 0x0a750000)
  eden space 4416K, 100% used [0x05200000, 0x05650000, 0x05650000)
  from space 512K,  37% used [0x056d0000, 0x05700168, 0x05750000)
  to   space 512K,   0% used [0x05650000, 0x05650000, 0x056d0000)
 tenured generation   total 10944K, used 4836K [0x0a750000, 0x0b200000, 0x15200000)
   the space 10944K,  44% used [0x0a750000, 0x0ac091a8, 0x0ac09200, 0x0b200000)
 Metaspace       used 11751K, capacity 11944K, committed 12032K, reserved 12672K
}
Event: 1.442 GC heap after
{Heap after GC invocations=10 (full 0):
 def new generation   total 4928K, used 512K [0x05200000, 0x05750000, 0x0a750000)
  eden space 4416K,   0% used [0x05200000, 0x05200000, 0x05650000)
  from space 512K, 100% used [0x05650000, 0x056d0000, 0x056d0000)
  to   space 512K,   0% used [0x056d0000, 0x056d0000, 0x05750000)
 tenured generation   total 10944K, used 5219K [0x0a750000, 0x0b200000, 0x15200000)
   the space 10944K,  47% used [0x0a750000, 0x0ac68e58, 0x0ac69000, 0x0b200000)
 Metaspace       used 11751K, capacity 11944K, committed 12032K, reserved 12672K
}
Event: 1.523 GC heap before
{Heap before GC invocations=10 (full 0):
 def new generation   total 4928K, used 2370K [0x05200000, 0x05750000, 0x0a750000)
  eden space 4416K,  42% used [0x05200000, 0x053d0af8, 0x05650000)
  from space 512K, 100% used [0x05650000, 0x056d0000, 0x056d0000)
  to   space 512K,   0% used [0x056d0000, 0x056d0000, 0x05750000)
 tenured generation   total 10944K, used 5219K [0x0a750000, 0x0b200000, 0x15200000)
   the space 10944K,  47% used [0x0a750000, 0x0ac68e58, 0x0ac69000, 0x0b200000)
 Metaspace       used 12069K, capacity 12258K, committed 12288K, reserved 12672K
}
Event: 1.546 GC heap after
{Heap after GC invocations=11 (full 1):
 def new generation   total 4992K, used 0K [0x05200000, 0x05760000, 0x0a750000)
  eden space 4480K,   0% used [0x05200000, 0x05200000, 0x05660000)
  from space 512K,   0% used [0x05660000, 0x05660000, 0x056e0000)
  to   space 512K,   0% used [0x056e0000, 0x056e0000, 0x05760000)
 tenured generation   total 10944K, used 5947K [0x0a750000, 0x0b200000, 0x15200000)
   the space 10944K,  54% used [0x0a750000, 0x0ad1eeb0, 0x0ad1f000, 0x0b200000)
 Metaspace       used 12069K, capacity 12258K, committed 12288K, reserved 12672K
}
Event: 1.646 GC heap before
{Heap before GC invocations=11 (full 1):
 def new generation   total 4992K, used 4480K [0x05200000, 0x05760000, 0x0a750000)
  eden space 4480K, 100% used [0x05200000, 0x05660000, 0x05660000)
  from space 512K,   0% used [0x05660000, 0x05660000, 0x056e0000)
  to   space 512K,   0% used [0x056e0000, 0x056e0000, 0x05760000)
 tenured generation   total 10944K, used 5947K [0x0a750000, 0x0b200000, 0x15200000)
   the space 10944K,  54% used [0x0a750000, 0x0ad1eeb0, 0x0ad1f000, 0x0b200000)
 Metaspace       used 12646K, capacity 12832K, committed 12928K, reserved 13696K
}
Event: 1.649 GC heap after
{Heap after GC invocations=12 (full 1):
 def new generation   total 4992K, used 476K [0x05200000, 0x05760000, 0x0a750000)
  eden space 4480K,   0% used [0x05200000, 0x05200000, 0x05660000)
  from space 512K,  93% used [0x056e0000, 0x05757308, 0x05760000)
  to   space 512K,   0% used [0x05660000, 0x05660000, 0x056e0000)
 tenured generation   total 10944K, used 7035K [0x0a750000, 0x0b200000, 0x15200000)
   the space 10944K,  64% used [0x0a750000, 0x0ae2eed0, 0x0ae2f000, 0x0b200000)
 Metaspace       used 12646K, capacity 12832K, committed 12928K, reserved 13696K
}
Event: 5.548 GC heap before
{Heap before GC invocations=12 (full 1):
 def new generation   total 4992K, used 4956K [0x05200000, 0x05760000, 0x0a750000)
  eden space 4480K, 100% used [0x05200000, 0x05660000, 0x05660000)
  from space 512K,  93% used [0x056e0000, 0x05757308, 0x05760000)
  to   space 512K,   0% used [0x05660000, 0x05660000, 0x056e0000)
 tenured generation   total 10944K, used 7035K [0x0a750000, 0x0b200000, 0x15200000)
   the space 10944K,  64% used [0x0a750000, 0x0ae2eed0, 0x0ae2f000, 0x0b200000)
 Metaspace       used 13297K, capacity 13552K, committed 13568K, reserved 13696K
}
Event: 5.551 GC heap after
{Heap after GC invocations=13 (full 1):
 def new generation   total 4992K, used 321K [0x05200000, 0x05760000, 0x0a750000)
  eden space 4480K,   0% used [0x05200000, 0x05200000, 0x05660000)
  from space 512K,  62% used [0x05660000, 0x056b07e8, 0x056e0000)
  to   space 512K,   0% used [0x056e0000, 0x056e0000, 0x05760000)
 tenured generation   total 10944K, used 7502K [0x0a750000, 0x0b200000, 0x15200000)
   the space 10944K,  68% used [0x0a750000, 0x0aea3ae0, 0x0aea3c00, 0x0b200000)
 Metaspace       used 13297K, capacity 13552K, committed 13568K, reserved 13696K
}
Event: 9.719 GC heap before
{Heap before GC invocations=13 (full 1):
 def new generation   total 4992K, used 4801K [0x05200000, 0x05760000, 0x0a750000)
  eden space 4480K, 100% used [0x05200000, 0x05660000, 0x05660000)
  from space 512K,  62% used [0x05660000, 0x056b07e8, 0x056e0000)
  to   space 512K,   0% used [0x056e0000, 0x056e0000, 0x05760000)
 tenured generation   total 10944K, used 7502K [0x0a750000, 0x0b200000, 0x15200000)
   the space 10944K,  68% used [0x0a750000, 0x0aea3ae0, 0x0aea3c00, 0x0b200000)
 Metaspace       used 14007K, capacity 14299K, committed 14336K, reserved 14720K
}
Event: 9.722 GC heap after
{Heap after GC invocations=14 (full 1):
 def new generation   total 4992K, used 348K [0x05200000, 0x05760000, 0x0a750000)
  eden space 4480K,   0% used [0x05200000, 0x05200000, 0x05660000)
  from space 512K,  68% used [0x056e0000, 0x057373f0, 0x05760000)
  to   space 512K,   0% used [0x05660000, 0x05660000, 0x056e0000)
 tenured generation   total 10944K, used 7810K [0x0a750000, 0x0b200000, 0x15200000)
   the space 10944K,  71% used [0x0a750000, 0x0aef0b48, 0x0aef0c00, 0x0b200000)
 Metaspace       used 14007K, capacity 14299K, committed 14336K, reserved 14720K
}
Event: 17.262 GC heap before
{Heap before GC invocations=14 (full 1):
 def new generation   total 4992K, used 4827K [0x05200000, 0x05760000, 0x0a750000)
  eden space 4480K,  99% used [0x05200000, 0x0565f870, 0x05660000)
  from space 512K,  68% used [0x056e0000, 0x057373f0, 0x05760000)
  to   space 512K,   0% used [0x05660000, 0x05660000, 0x056e0000)
 tenured generation   total 10944K, used 7810K [0x0a750000, 0x0b200000, 0x15200000)
   the space 10944K,  71% used [0x0a750000, 0x0aef0b48, 0x0aef0c00, 0x0b200000)
 Metaspace       used 14503K, capacity 14828K, committed 14848K, reserved 15744K
}
Event: 17.265 GC heap after
{Heap after GC invocations=15 (full 1):
 def new generation   total 4992K, used 512K [0x05200000, 0x05760000, 0x0a750000)
  eden space 4480K,   0% used [0x05200000, 0x05200000, 0x05660000)
  from space 512K, 100% used [0x05660000, 0x056e0000, 0x056e0000)
  to   space 512K,   0% used [0x056e0000, 0x056e0000, 0x05760000)
 tenured generation   total 10944K, used 8207K [0x0a750000, 0x0b200000, 0x15200000)
   the space 10944K,  74% used [0x0a750000, 0x0af53f38, 0x0af54000, 0x0b200000)
 Metaspace       used 14503K, capacity 14828K, committed 14848K, reserved 15744K
}
Event: 17.381 GC heap before
{Heap before GC invocations=15 (full 1):
 def new generation   total 4992K, used 4992K [0x05200000, 0x05760000, 0x0a750000)
  eden space 4480K, 100% used [0x05200000, 0x05660000, 0x05660000)
  from space 512K, 100% used [0x05660000, 0x056e0000, 0x056e0000)
  to   space 512K,   0% used [0x056e0000, 0x056e0000, 0x05760000)
 tenured generation   total 10944K, used 8207K [0x0a750000, 0x0b200000, 0x15200000)
   the space 10944K,  74% used [0x0a750000, 0x0af53f38, 0x0af54000, 0x0b200000)
 Metaspace       used 15683K, capacity 16029K, committed 16128K, reserved 16768K
}
Event: 17.385 GC heap after
{Heap after GC invocations=16 (full 1):
 def new generation   total 4992K, used 512K [0x05200000, 0x05760000, 0x0a750000)
  eden space 4480K,   0% used [0x05200000, 0x05200000, 0x05660000)
  from space 512K, 100% used [0x056e0000, 0x05760000, 0x05760000)
  to   space 512K,   0% used [0x05660000, 0x05660000, 0x056e0000)
 tenured generation   total 10944K, used 8795K [0x0a750000, 0x0b200000, 0x15200000)
   the space 10944K,  80% used [0x0a750000, 0x0afe6f98, 0x0afe7000, 0x0b200000)
 Metaspace       used 15683K, capacity 16029K, committed 16128K, reserved 16768K
}
Event: 17.448 GC heap before
{Heap before GC invocations=16 (full 1):
 def new generation   total 4992K, used 4991K [0x05200000, 0x05760000, 0x0a750000)
  eden space 4480K,  99% used [0x05200000, 0x0565ff58, 0x05660000)
  from space 512K, 100% used [0x056e0000, 0x05760000, 0x05760000)
  to   space 512K,   0% used [0x05660000, 0x05660000, 0x056e0000)
 tenured generation   total 10944K, used 8795K [0x0a750000, 0x0b200000, 0x15200000)
   the space 10944K,  80% used [0x0a750000, 0x0afe6f98, 0x0afe7000, 0x0b200000)
 Metaspace       used 16117K, capacity 16557K, committed 16640K, reserved 16768K
}
Event: 17.451 GC heap after
{Heap after GC invocations=17 (full 1):
 def new generation   total 4992K, used 301K [0x05200000, 0x05760000, 0x0a750000)
  eden space 4480K,   0% used [0x05200000, 0x05200000, 0x05660000)
  from space 512K,  58% used [0x05660000, 0x056ab788, 0x056e0000)
  to   space 512K,   0% used [0x056e0000, 0x056e0000, 0x05760000)
 tenured generation   total 10944K, used 9300K [0x0a750000, 0x0b200000, 0x15200000)
   the space 10944K,  84% used [0x0a750000, 0x0b0652a0, 0x0b065400, 0x0b200000)
 Metaspace       used 16117K, capacity 16557K, committed 16640K, reserved 16768K
}
Event: 17.590 GC heap before
{Heap before GC invocations=17 (full 1):
 def new generation   total 4992K, used 4781K [0x05200000, 0x05760000, 0x0a750000)
  eden space 4480K, 100% used [0x05200000, 0x05660000, 0x05660000)
  from space 512K,  58% used [0x05660000, 0x056ab788, 0x056e0000)
  to   space 512K,   0% used [0x056e0000, 0x056e0000, 0x05760000)
 tenured generation   total 10944K, used 9300K [0x0a750000, 0x0b200000, 0x15200000)
   the space 10944K,  84% used [0x0a750000, 0x0b0652a0, 0x0b065400, 0x0b200000)
 Metaspace       used 16421K, capacity 16891K, committed 16896K, reserved 17792K
}
Event: 17.595 GC heap after
{Heap after GC invocations=18 (full 1):
 def new generation   total 4992K, used 511K [0x05200000, 0x05760000, 0x0a750000)
  eden space 4480K,   0% used [0x05200000, 0x05200000, 0x05660000)
  from space 512K,  99% used [0x056e0000, 0x0575fff8, 0x05760000)
  to   space 512K,   0% used [0x05660000, 0x05660000, 0x056e0000)
 tenured generation   total 10944K, used 9806K [0x0a750000, 0x0b200000, 0x15200000)
   the space 10944K,  89% used [0x0a750000, 0x0b0e3a60, 0x0b0e3c00, 0x0b200000)
 Metaspace       used 16421K, capacity 16891K, committed 16896K, reserved 17792K
}

